{
  "RSpec": {
    "coverage": {
      "/home/indian/ROR-assignment/ROR-assessment/spec/controllers/comments_controller_spec.rb": {
        "lines": [
          null,
          null,
          1,
          1,
          1,
          3,
          1,
          1,
          1,
          2,
          null,
          1,
          2,
          null,
          1,
          null,
          1,
          1,
          1,
          0,
          null,
          null,
          null,
          null,
          null,
          null,
          null,
          null,
          1,
          1,
          2,
          null,
          1,
          1,
          1,
          null,
          null,
          null,
          1,
          1,
          1,
          null,
          null,
          null,
          null,
          null
        ]
      },
      "/home/indian/ROR-assignment/ROR-assessment/spec/rails_helper.rb": {
        "lines": [
          null,
          1,
          1,
          1,
          1,
          null,
          1,
          1,
          1,
          1,
          1,
          1,
          null,
          null,
          null,
          null,
          null,
          null,
          null,
          null,
          null,
          null,
          null,
          null,
          null,
          null,
          null,
          null,
          null,
          null,
          null,
          null,
          null,
          null,
          1,
          null,
          0,
          null,
          1,
          null,
          null,
          null,
          null,
          null,
          null,
          null,
          null,
          null,
          null,
          null,
          null,
          null,
          null,
          null,
          null,
          null,
          null,
          null,
          null,
          null,
          null,
          null,
          null,
          null,
          null,
          null,
          null,
          null,
          null,
          null
        ]
      },
      "/home/indian/ROR-assignment/ROR-assessment/config/environment.rb": {
        "lines": [
          null,
          1,
          null,
          null,
          1
        ]
      },
      "/home/indian/ROR-assignment/ROR-assessment/config/application.rb": {
        "lines": [
          1,
          null,
          1,
          null,
          null,
          null,
          1,
          null,
          1,
          1,
          null,
          1,
          null,
          null,
          null,
          null,
          null,
          null,
          null,
          null,
          null,
          null
        ]
      },
      "/home/indian/ROR-assignment/ROR-assessment/config/boot.rb": {
        "lines": [
          1,
          null,
          1,
          1
        ]
      },
      "/home/indian/ROR-assignment/ROR-assessment/config/environments/test.rb": {
        "lines": [
          1,
          null,
          null,
          null,
          null,
          null,
          null,
          1,
          null,
          null,
          null,
          1,
          null,
          null,
          null,
          null,
          1,
          null,
          null,
          1,
          1,
          null,
          null,
          null,
          null,
          1,
          1,
          1,
          null,
          null,
          1,
          null,
          null,
          1,
          null,
          null,
          1,
          null,
          1,
          null,
          null,
          null,
          null,
          1,
          null,
          null,
          1,
          null,
          null,
          1,
          null,
          null,
          1,
          null,
          null,
          null,
          null,
          null,
          null,
          null
        ]
      },
      "/home/indian/ROR-assignment/ROR-assessment/config/initializers/assets.rb": {
        "lines": [
          null,
          null,
          null,
          1,
          null,
          null,
          null,
          null,
          null,
          null,
          null,
          null
        ]
      },
      "/home/indian/ROR-assignment/ROR-assessment/config/initializers/content_security_policy.rb": {
        "lines": [
          null,
          null,
          null,
          null,
          null,
          null,
          null,
          null,
          null,
          null,
          null,
          null,
          null,
          null,
          null,
          null,
          null,
          null,
          null,
          null,
          null,
          null,
          null,
          null,
          null
        ]
      },
      "/home/indian/ROR-assignment/ROR-assessment/config/initializers/filter_parameter_logging.rb": {
        "lines": [
          null,
          null,
          null,
          null,
          null,
          1,
          null,
          null
        ]
      },
      "/home/indian/ROR-assignment/ROR-assessment/config/initializers/inflections.rb": {
        "lines": [
          null,
          null,
          null,
          null,
          null,
          null,
          null,
          null,
          null,
          null,
          null,
          null,
          null,
          null,
          null,
          null
        ]
      },
      "/home/indian/ROR-assignment/ROR-assessment/config/initializers/permissions_policy.rb": {
        "lines": [
          null,
          null,
          null,
          null,
          null,
          null,
          null,
          null,
          null,
          null,
          null
        ]
      },
      "/home/indian/ROR-assignment/ROR-assessment/spec/factories/blog.rb": {
        "lines": [
          null,
          null,
          1,
          1,
          1,
          1,
          null,
          null,
          null
        ]
      },
      "/home/indian/ROR-assignment/ROR-assessment/spec/factories/comment.rb": {
        "lines": [
          null,
          null,
          1,
          1,
          1,
          1,
          1,
          null,
          null,
          null
        ]
      },
      "/home/indian/ROR-assignment/ROR-assessment/spec/factories/post.rb": {
        "lines": [
          null,
          null,
          1,
          1,
          1,
          1,
          1,
          1,
          null,
          null,
          null
        ]
      },
      "/home/indian/ROR-assignment/ROR-assessment/spec/factories/user.rb": {
        "lines": [
          null,
          null,
          1,
          1,
          3,
          3,
          3,
          3,
          null,
          null,
          null
        ]
      },
      "/home/indian/ROR-assignment/ROR-assessment/config/routes.rb": {
        "lines": [
          1,
          null,
          null,
          null,
          null,
          1,
          1,
          1,
          1,
          1,
          1,
          1,
          null,
          null,
          null,
          null,
          1,
          1,
          1,
          1,
          null,
          null,
          null,
          null,
          null
        ]
      },
      "/home/indian/ROR-assignment/ROR-assessment/app/helpers/application_helper.rb": {
        "lines": [
          1,
          null
        ]
      },
      "/home/indian/ROR-assignment/ROR-assessment/app/helpers/blogs_helper.rb": {
        "lines": [
          1,
          null
        ]
      },
      "/home/indian/ROR-assignment/ROR-assessment/app/helpers/comments_helper.rb": {
        "lines": [
          1,
          null
        ]
      },
      "/home/indian/ROR-assignment/ROR-assessment/app/helpers/likes_helper.rb": {
        "lines": [
          1,
          null
        ]
      },
      "/home/indian/ROR-assignment/ROR-assessment/app/helpers/posts_helper.rb": {
        "lines": [
          1,
          null
        ]
      },
      "/home/indian/ROR-assignment/ROR-assessment/app/helpers/users_helper.rb": {
        "lines": [
          1,
          null
        ]
      },
      "/home/indian/ROR-assignment/ROR-assessment/app/controllers/concerns/json_web_token.rb": {
        "lines": [
          null,
          null,
          1,
          null,
          null,
          1,
          1,
          1,
          1,
          2,
          2,
          null,
          null,
          1,
          0,
          0,
          null,
          null
        ]
      },
      "/home/indian/ROR-assignment/ROR-assessment/app/controllers/comments_controller.rb": {
        "lines": [
          null,
          null,
          null,
          1,
          1,
          1,
          1,
          1,
          0,
          0,
          0,
          null,
          null,
          0,
          null,
          null,
          null,
          1,
          0,
          0,
          0,
          0,
          null,
          0,
          null,
          null,
          null,
          1,
          0,
          0,
          0,
          null,
          0,
          null,
          null,
          null,
          1,
          0,
          0,
          0,
          null,
          0,
          null,
          null,
          null,
          1,
          0,
          0,
          0,
          null,
          null,
          1,
          null,
          1,
          0,
          0,
          null,
          null,
          1,
          0,
          0,
          0,
          null,
          0,
          null,
          null,
          null,
          1,
          0,
          0,
          0,
          0,
          null,
          0,
          0,
          null,
          null,
          null,
          1,
          0,
          null,
          0,
          null,
          null,
          1,
          0,
          null,
          null
        ]
      },
      "/home/indian/ROR-assignment/ROR-assessment/app/controllers/api_controller.rb": {
        "lines": [
          null,
          null,
          null,
          1,
          1,
          1,
          1,
          1,
          null,
          1,
          0,
          null,
          1,
          0,
          null,
          null,
          1,
          null,
          1,
          0,
          0,
          0,
          0,
          0,
          0,
          null,
          0,
          null,
          null
        ]
      },
      "/home/indian/ROR-assignment/ROR-assessment/app/models/user.rb": {
        "lines": [
          1,
          1,
          1,
          1,
          1,
          1,
          1,
          null
        ]
      },
      "/home/indian/ROR-assignment/ROR-assessment/app/models/application_record.rb": {
        "lines": [
          1,
          1,
          null
        ]
      }
    },
    "timestamp": 1717520801
  }
}
