{
  "RSpec": {
    "coverage": {
      "/home/indian/ROR-assignment/ROR-assessment/spec/controllers/comments_controller_spec.rb": {
        "lines": [
          null,
          null,
          1,
          1,
          1,
          2,
          1,
          1,
          1,
          1,
          null,
          1,
          1,
          null,
          1,
          null,
          1,
          1,
          1,
          0,
          null,
          null,
          null,
          null,
          null,
          null,
          null,
          null,
          1,
          1,
          1,
          null,
          1,
          1,
          1,
          null,
          null,
          null,
          null
        ]
      },
      "/home/indian/ROR-assignment/ROR-assessment/spec/rails_helper.rb": {
        "lines": [
          null,
          1,
          1,
          1,
          1,
          null,
          1,
          1,
          1,
          1,
          1,
          1,
          null,
          null,
          null,
          null,
          null,
          null,
          null,
          null,
          null,
          null,
          null,
          null,
          null,
          null,
          null,
          null,
          null,
          null,
          null,
          null,
          null,
          null,
          1,
          null,
          0,
          null,
          1,
          null,
          null,
          null,
          null,
          null,
          null,
          null,
          null,
          null,
          null,
          null,
          null,
          null,
          null,
          null,
          null,
          null,
          null,
          null,
          null,
          null,
          null,
          null,
          null,
          null,
          null,
          null,
          null,
          null,
          null,
          null
        ]
      },
      "/home/indian/ROR-assignment/ROR-assessment/config/environment.rb": {
        "lines": [
          null,
          1,
          null,
          null,
          1
        ]
      },
      "/home/indian/ROR-assignment/ROR-assessment/config/application.rb": {
        "lines": [
          1,
          null,
          1,
          null,
          null,
          null,
          1,
          null,
          1,
          1,
          null,
          1,
          null,
          null,
          null,
          null,
          null,
          null,
          null,
          null,
          null,
          null
        ]
      },
      "/home/indian/ROR-assignment/ROR-assessment/config/boot.rb": {
        "lines": [
          1,
          null,
          1,
          1
        ]
      },
      "/home/indian/ROR-assignment/ROR-assessment/config/environments/test.rb": {
        "lines": [
          1,
          null,
          null,
          null,
          null,
          null,
          null,
          1,
          null,
          null,
          null,
          1,
          null,
          null,
          null,
          null,
          1,
          null,
          null,
          1,
          1,
          null,
          null,
          null,
          null,
          1,
          1,
          1,
          null,
          null,
          1,
          null,
          null,
          1,
          null,
          null,
          1,
          null,
          1,
          null,
          null,
          null,
          null,
          1,
          null,
          null,
          1,
          null,
          null,
          1,
          null,
          null,
          1,
          null,
          null,
          null,
          null,
          null,
          null,
          null
        ]
      },
      "/home/indian/ROR-assignment/ROR-assessment/config/initializers/assets.rb": {
        "lines": [
          null,
          null,
          null,
          1,
          null,
          null,
          null,
          null,
          null,
          null,
          null,
          null
        ]
      },
      "/home/indian/ROR-assignment/ROR-assessment/config/initializers/content_security_policy.rb": {
        "lines": [
          null,
          null,
          null,
          null,
          null,
          null,
          null,
          null,
          null,
          null,
          null,
          null,
          null,
          null,
          null,
          null,
          null,
          null,
          null,
          null,
          null,
          null,
          null,
          null,
          null
        ]
      },
      "/home/indian/ROR-assignment/ROR-assessment/config/initializers/filter_parameter_logging.rb": {
        "lines": [
          null,
          null,
          null,
          null,
          null,
          1,
          null,
          null
        ]
      },
      "/home/indian/ROR-assignment/ROR-assessment/config/initializers/inflections.rb": {
        "lines": [
          null,
          null,
          null,
          null,
          null,
          null,
          null,
          null,
          null,
          null,
          null,
          null,
          null,
          null,
          null,
          null
        ]
      },
      "/home/indian/ROR-assignment/ROR-assessment/config/initializers/permissions_policy.rb": {
        "lines": [
          null,
          null,
          null,
          null,
          null,
          null,
          null,
          null,
          null,
          null,
          null
        ]
      },
      "/home/indian/ROR-assignment/ROR-assessment/spec/factories/blog.rb": {
        "lines": [
          null,
          null,
          1,
          1,
          10,
          1,
          null,
          null
        ]
      },
      "/home/indian/ROR-assignment/ROR-assessment/spec/factories/comment.rb": {
        "lines": [
          null,
          null,
          1,
          1,
          1,
          1,
          1,
          null,
          null
        ]
      },
      "/home/indian/ROR-assignment/ROR-assessment/spec/factories/post.rb": {
        "lines": [
          null,
          null,
          1,
          1,
          10,
          10,
          1,
          1,
          null,
          null
        ]
      },
      "/home/indian/ROR-assignment/ROR-assessment/spec/factories/user.rb": {
        "lines": [
          null,
          null,
          1,
          1,
          37,
          37,
          37,
          11,
          null,
          null
        ]
      },
      "/home/indian/ROR-assignment/ROR-assessment/config/routes.rb": {
        "lines": [
          1,
          null,
          null,
          null,
          null,
          1,
          1,
          1,
          1,
          1,
          null,
          null,
          null,
          1,
          1,
          1,
          1,
          null,
          null,
          1,
          1,
          1,
          1,
          null,
          null,
          null
        ]
      },
      "/home/indian/ROR-assignment/ROR-assessment/app/helpers/application_helper.rb": {
        "lines": [
          1,
          null
        ]
      },
      "/home/indian/ROR-assignment/ROR-assessment/app/helpers/blogs_helper.rb": {
        "lines": [
          1,
          null
        ]
      },
      "/home/indian/ROR-assignment/ROR-assessment/app/helpers/comments_helper.rb": {
        "lines": [
          1,
          null
        ]
      },
      "/home/indian/ROR-assignment/ROR-assessment/app/helpers/likes_helper.rb": {
        "lines": [
          1,
          null
        ]
      },
      "/home/indian/ROR-assignment/ROR-assessment/app/helpers/posts_helper.rb": {
        "lines": [
          1,
          null
        ]
      },
      "/home/indian/ROR-assignment/ROR-assessment/app/helpers/users_helper.rb": {
        "lines": [
          1,
          null
        ]
      },
      "/home/indian/ROR-assignment/ROR-assessment/app/controllers/concerns/json_web_token.rb": {
        "lines": [
          null,
          null,
          1,
          null,
          null,
          1,
          1,
          1,
          1,
          27,
          27,
          null,
          null,
          1,
          17,
          11,
          null,
          null
        ]
      },
      "/home/indian/ROR-assignment/ROR-assessment/app/controllers/comments_controller.rb": {
        "lines": [
          null,
          null,
          null,
          1,
          1,
          1,
          1,
          1,
          0,
          0,
          0,
          null,
          null,
          0,
          null,
          null,
          null,
          1,
          0,
          0,
          0,
          null,
          0,
          null,
          null,
          null,
          1,
          0,
          0,
          0,
          null,
          0,
          null,
          null,
          null,
          1,
          0,
          0,
          0,
          null,
          0,
          null,
          null,
          null,
          1,
          0,
          0,
          0,
          null,
          null,
          1,
          null,
          1,
          0,
          0,
          null,
          null,
          1,
          0,
          0,
          0,
          null,
          0,
          null,
          null,
          null,
          1,
          0,
          0,
          0,
          0,
          null,
          0,
          0,
          null,
          null,
          null,
          1,
          0,
          0,
          null,
          null,
          1,
          0,
          null,
          null
        ]
      },
      "/home/indian/ROR-assignment/ROR-assessment/app/controllers/api_controller.rb": {
        "lines": [
          null,
          null,
          null,
          1,
          1,
          1,
          1,
          1,
          null,
          1,
          0,
          null,
          1,
          4,
          null,
          null,
          1,
          null,
          1,
          17,
          17,
          17,
          11,
          null,
          6,
          null,
          null
        ]
      },
      "/home/indian/ROR-assignment/ROR-assessment/spec/controllers/news_articles_controller_spec.rb": {
        "lines": [
          null,
          1,
          null,
          1,
          1,
          1,
          2,
          null,
          1,
          1,
          1,
          null,
          null,
          1,
          1,
          null,
          null,
          null,
          1,
          1,
          1,
          1,
          null,
          null,
          1,
          1,
          null,
          null,
          null,
          1,
          1,
          1,
          1,
          null,
          null,
          1,
          1,
          null,
          null,
          null,
          null
        ]
      },
      "/home/indian/ROR-assignment/ROR-assessment/app/controllers/news_articles_controller.rb": {
        "lines": [
          1,
          1,
          0,
          0,
          null,
          0,
          0,
          0,
          null,
          null
        ]
      },
      "/home/indian/ROR-assignment/ROR-assessment/spec/controllers/posts_controller_spec.rb": {
        "lines": [
          null,
          null,
          1,
          1,
          1,
          10,
          10,
          10,
          10,
          null,
          1,
          9,
          9,
          null,
          1,
          8,
          null,
          1,
          0,
          null,
          5,
          1,
          1,
          1,
          1,
          1,
          1,
          null,
          null,
          null,
          null,
          1,
          1,
          1,
          1,
          1,
          1,
          null,
          null,
          1,
          1,
          1,
          1,
          null,
          null,
          null,
          null,
          1,
          1,
          1,
          1,
          1,
          1,
          1,
          null,
          null,
          1,
          1,
          1,
          1,
          1,
          1,
          null,
          null,
          null,
          null,
          1,
          1,
          2,
          null,
          1,
          1,
          1,
          1,
          null,
          null,
          1,
          1,
          1,
          1,
          1,
          null,
          null,
          null,
          null,
          1,
          1,
          1,
          1,
          1,
          1,
          null,
          null,
          1,
          1,
          1,
          1,
          1,
          1,
          null,
          null,
          null,
          null
        ]
      },
      "/home/indian/ROR-assignment/ROR-assessment/app/controllers/posts_controller.rb": {
        "lines": [
          null,
          null,
          null,
          1,
          1,
          1,
          1,
          1,
          1,
          1,
          1,
          1,
          1,
          1,
          1,
          1,
          null,
          null,
          0,
          null,
          null,
          null,
          1,
          1,
          0,
          0,
          0,
          null,
          0,
          null,
          null,
          null,
          1,
          1,
          1,
          null,
          null,
          0,
          null,
          null,
          null,
          1,
          1,
          1,
          null,
          null,
          1,
          1,
          1,
          null,
          0,
          null,
          null,
          null,
          1,
          null,
          1,
          4,
          4,
          4,
          null,
          null,
          1,
          2,
          2,
          2,
          2,
          null,
          0,
          0,
          null,
          null,
          null,
          1,
          6,
          null,
          0,
          null,
          null,
          1,
          2,
          null,
          null,
          1,
          1,
          null,
          1,
          null,
          1,
          null,
          null,
          1,
          1,
          0,
          null,
          null,
          1,
          null,
          null,
          1,
          1,
          1,
          1,
          null,
          null
        ]
      },
      "/home/indian/ROR-assignment/ROR-assessment/spec/controllers/users_controller_spec.rb": {
        "lines": [
          null,
          null,
          1,
          1,
          1,
          9,
          1,
          8,
          null,
          1,
          4,
          null,
          1,
          null,
          1,
          1,
          1,
          1,
          1,
          1,
          null,
          null,
          null,
          null,
          1,
          1,
          1,
          1,
          null,
          null,
          1,
          null,
          1,
          1,
          null,
          null,
          1,
          null,
          null,
          null,
          null,
          1,
          1,
          1,
          1,
          1,
          1,
          null,
          null,
          null,
          null,
          1,
          1,
          1,
          1,
          1,
          1,
          null,
          null,
          1,
          1,
          1,
          1,
          null,
          null,
          null,
          null,
          1,
          1,
          1,
          1,
          1,
          1,
          null,
          null,
          1,
          1,
          1,
          1,
          null,
          null,
          null,
          null
        ]
      },
      "/home/indian/ROR-assignment/ROR-assessment/app/controllers/users_controller.rb": {
        "lines": [
          null,
          null,
          null,
          1,
          1,
          1,
          null,
          1,
          1,
          1,
          null,
          null,
          1,
          2,
          2,
          0,
          0,
          null,
          2,
          null,
          null,
          null,
          1,
          1,
          1,
          null,
          0,
          null,
          null,
          null,
          1,
          1,
          null,
          null,
          1,
          1,
          1,
          null,
          0,
          null,
          null,
          null,
          1,
          0,
          0,
          null,
          null,
          null,
          null,
          null,
          null,
          null,
          null,
          null,
          0,
          0,
          null,
          null,
          null,
          null,
          1,
          0,
          0,
          0,
          null,
          0,
          null,
          null,
          null,
          1,
          null,
          1,
          3,
          3,
          0,
          0,
          null,
          3,
          0,
          null,
          null,
          1,
          3,
          null,
          null
        ]
      },
      "/home/indian/ROR-assignment/ROR-assessment/spec/models/comment_spec.rb": {
        "lines": [
          1,
          1,
          1,
          1,
          2,
          2,
          null,
          null,
          null
        ]
      },
      "/home/indian/ROR-assignment/ROR-assessment/app/models/comment.rb": {
        "lines": [
          1,
          1,
          1,
          1,
          null
        ]
      },
      "/home/indian/ROR-assignment/ROR-assessment/app/models/application_record.rb": {
        "lines": [
          1,
          1,
          null
        ]
      },
      "/home/indian/ROR-assignment/ROR-assessment/spec/models/user_spec.rb": {
        "lines": [
          1,
          null,
          1,
          1,
          1,
          2,
          2,
          2,
          2,
          null,
          null,
          null,
          null,
          1,
          2,
          2,
          null,
          null
        ]
      },
      "/home/indian/ROR-assignment/ROR-assessment/app/models/user.rb": {
        "lines": [
          1,
          1,
          1,
          1,
          1,
          1,
          1,
          1,
          1,
          null,
          1,
          36,
          null,
          null,
          1,
          0,
          0,
          null,
          null,
          1,
          0,
          0,
          null,
          null
        ]
      },
      "/home/indian/ROR-assignment/ROR-assessment/spec/services/news_api_service_spec.rb": {
        "lines": [
          1,
          null,
          1,
          1,
          1,
          3,
          null,
          1,
          1,
          null,
          1,
          null,
          null,
          null,
          null,
          null,
          null,
          null,
          1,
          1,
          null,
          null,
          null,
          1,
          1,
          1,
          1,
          1,
          null,
          null,
          null,
          1,
          1,
          1,
          null,
          null,
          1,
          1,
          null,
          null,
          null,
          1,
          1,
          1,
          null,
          null,
          null,
          1,
          1,
          1,
          null,
          null,
          1,
          1,
          1,
          null,
          null,
          null,
          null
        ]
      },
      "/home/indian/ROR-assignment/ROR-assessment/app/services/news_api_service.rb": {
        "lines": [
          1,
          1,
          1,
          1,
          1,
          3,
          null,
          3,
          2,
          2,
          2,
          1,
          null,
          1,
          null,
          null,
          1,
          1,
          null,
          null
        ]
      },
      "/home/indian/ROR-assignment/ROR-assessment/app/models/blog.rb": {
        "lines": [
          1,
          1,
          1,
          null
        ]
      },
      "/home/indian/ROR-assignment/ROR-assessment/app/models/post.rb": {
        "lines": [
          1,
          1,
          1,
          1,
          1,
          1,
          null
        ]
      },
      "/home/indian/ROR-assignment/ROR-assessment/app/models/ability.rb": {
        "lines": [
          null,
          null,
          1,
          1,
          null,
          1,
          null,
          5,
          5,
          5,
          5,
          5,
          null,
          0,
          0,
          0,
          0,
          0,
          null,
          null,
          null,
          null
        ]
      },
      "/home/indian/ROR-assignment/ROR-assessment/app/models/like.rb": {
        "lines": [
          1,
          1,
          1,
          null
        ]
      },
      "/home/indian/ROR-assignment/ROR-assessment/app/serializers/post_serializer.rb": {
        "lines": [
          1,
          1,
          1,
          3,
          null,
          null,
          1,
          3,
          null,
          null,
          1,
          3,
          null,
          null
        ]
      },
      "/home/indian/ROR-assignment/ROR-assessment/app/serializers/user_serializer.rb": {
        "lines": [
          1,
          null,
          1,
          null,
          null,
          null,
          null,
          null
        ]
      }
    },
    "timestamp": 1717568601
  }
}
